<?xml version="1.0" encoding="UTF-8"?>
<testsuite xmlns:xsi="http://www.w3.org/2001/XMLSchema-instance" xsi:noNamespaceSchemaLocation="https://maven.apache.org/surefire/maven-surefire-plugin/xsd/surefire-test-report-3.0.xsd" version="3.0" name="at.labuda.TestRandomNumber" time="0.132" tests="2" errors="0" skipped="0" failures="0">
  <properties>
[...]
</properties>
  <testcase name="RandomNumber_lessThan500" classname="at.labuda.TestRandomNumber" time="0.073"/>
  <testcase name="RandomNumber_lessThan600" classname="at.labuda.TestRandomNumber" time="0.002"/>
</testsuite>